[20210603040003]Undefined index: member_seq[D:\AutoSet10\pollntalk\app\handler\util\CApp_Handler_Util_Common.php][65]
[20210603040004]Undefined index: member_seq[D:\AutoSet10\pollntalk\index.php][13]
[20210603040004]Undefined offset: 1[D:\AutoSet10\pollntalk\index.php][46]
[20210603040004]Undefined index: memeber_seq[D:\AutoSet10\pollntalk\index.php][107]
[20210603040004]Undefined index: member_seq[D:\AutoSet10\pollntalk\index.php][145]
[20210603040004]Undefined index: member_seq[D:\AutoSet10\pollntalk\index.php][199]
[20210603040004]Undefined index: member_seq[D:\AutoSet10\pollntalk\index.php][233]
[20210603040004]Undefined index: search[D:\AutoSet10\pollntalk\index.php][253]
[20210603040004]Undefined index: search[D:\AutoSet10\pollntalk\index.php][255]
[20210603040004]Undefined variable: display[D:\AutoSet10\pollntalk\app\view\page\main.php][23]
[20210603040004]Undefined index: cate_seq[D:\AutoSet10\pollntalk\app\view\common\category.php][20]
[20210603040004]Undefined index: cate_seq[D:\AutoSet10\pollntalk\app\view\common\category.php][28]
[20210603040004]Undefined index: cate_seq[D:\AutoSet10\pollntalk\app\view\common\category.php][20]
[20210603040004]Undefined index: cate_seq[D:\AutoSet10\pollntalk\app\view\common\category.php][28]
[20210603040004]Undefined index: cate_seq[D:\AutoSet10\pollntalk\app\view\common\category.php][20]
[20210603040004]Undefined index: cate_seq[D:\AutoSet10\pollntalk\app\view\common\category.php][28]
[20210603040004]Undefined index: cate_seq[D:\AutoSet10\pollntalk\app\view\common\category.php][20]
[20210603040004]Undefined index: cate_seq[D:\AutoSet10\pollntalk\app\view\common\category.php][28]
[20210603040004]Undefined index: cate_seq[D:\AutoSet10\pollntalk\app\view\common\category.php][20]
[20210603040004]Undefined index: cate_seq[D:\AutoSet10\pollntalk\app\view\common\category.php][28]
[20210603040004]Undefined index: cate_seq[D:\AutoSet10\pollntalk\app\view\common\category.php][20]
[20210603040004]Undefined index: cate_seq[D:\AutoSet10\pollntalk\app\view\common\category.php][28]
[20210603040004]Undefined index: cate_seq[D:\AutoSet10\pollntalk\app\view\common\category.php][20]
[20210603040004]Undefined index: cate_seq[D:\AutoSet10\pollntalk\app\view\common\category.php][28]
[20210603040004]Undefined index: cate_seq[D:\AutoSet10\pollntalk\app\view\common\category.php][20]
[20210603040004]Undefined index: cate_seq[D:\AutoSet10\pollntalk\app\view\common\category.php][28]
[20210603040004]Undefined index: cate_seq[D:\AutoSet10\pollntalk\app\view\common\category.php][20]
[20210603040004]Undefined index: cate_seq[D:\AutoSet10\pollntalk\app\view\common\category.php][28]
[20210603040004]Undefined index: cate_seq[D:\AutoSet10\pollntalk\app\view\common\category.php][20]
[20210603040004]Undefined index: cert[D:\AutoSet10\pollntalk\app\view\common\category.php][33]
[20210603040004]Undefined index: member_seq[D:\AutoSet10\pollntalk\app\view\common\category.php][42]
[20210603040004]Undefined index: cate_seq[D:\AutoSet10\pollntalk\app\view\common\category.php][46]
[20210603040005]Undefined index: page[D:\AutoSet10\pollntalk\app\view\page\main.php][178]
[20210603040005]Undefined variable: cate_seq[D:\AutoSet10\pollntalk\app\view\page\main.php][180]
[20210603040005]Undefined variable: cate_sub_seq[D:\AutoSet10\pollntalk\app\view\page\main.php][180]
[20210603040005]Undefined variable: cate_seq[D:\AutoSet10\pollntalk\app\view\page\main.php][182]
[20210603040005]Undefined variable: cate_sub_seq[D:\AutoSet10\pollntalk\app\view\page\main.php][182]
[20210603040005]Undefined index: member_seq[D:\AutoSet10\pollntalk\app\view\page\main.php][224]
[20210603040005]Undefined index: member_seq[D:\AutoSet10\pollntalk\app\view\page\main.php][224]
[20210603040005]Undefined index: member_seq[D:\AutoSet10\pollntalk\app\view\page\main.php][224]
[20210603040005]Undefined variable: cate_seq[D:\AutoSet10\pollntalk\app\view\page\main.php][307]
[20210603040005]Undefined variable: cate_sub_seq[D:\AutoSet10\pollntalk\app\view\page\main.php][307]
[20210603040005]Undefined variable: cate_seq[D:\AutoSet10\pollntalk\app\view\page\main.php][309]
[20210603040005]Undefined variable: cate_sub_seq[D:\AutoSet10\pollntalk\app\view\page\main.php][309]
[20210603040005]Undefined index: member_seq[D:\AutoSet10\pollntalk\app\view\page\main.php][351]
[20210603040005]Undefined index: member_seq[D:\AutoSet10\pollntalk\app\view\page\main.php][351]
[20210603040005]Undefined index: member_seq[D:\AutoSet10\pollntalk\app\view\page\main.php][351]
[20210603040005]Undefined index: member_seq[D:\AutoSet10\pollntalk\app\view\page\main.php][351]
[20210603040005]Undefined index: member_seq[D:\AutoSet10\pollntalk\app\view\page\main.php][351]
[20210603040005]Undefined index: member_seq[D:\AutoSet10\pollntalk\app\view\page\main.php][351]
[20210603040005]Undefined index: member_seq[D:\AutoSet10\pollntalk\app\view\page\main.php][351]
[20210603040005]Undefined index: member_seq[D:\AutoSet10\pollntalk\app\view\page\main.php][351]
[20210603040005]Undefined index: member_seq[D:\AutoSet10\pollntalk\app\view\page\main.php][351]
[20210603040005]Undefined index: member_seq[D:\AutoSet10\pollntalk\app\view\page\main.php][351]
[20210603040005]Undefined index: member_seq[D:\AutoSet10\pollntalk\app\view\page\main.php][351]
[20210603040005]Undefined index: member_seq[D:\AutoSet10\pollntalk\app\view\page\main.php][351]
[20210603040005]Undefined index: member_seq[D:\AutoSet10\pollntalk\app\view\page\main.php][351]
[20210603040005]Undefined index: member_seq[D:\AutoSet10\pollntalk\app\view\page\main.php][351]
[20210603040005]Undefined index: member_seq[D:\AutoSet10\pollntalk\app\view\page\main.php][351]
[20210603040005]Undefined variable: cate_seq[D:\AutoSet10\pollntalk\app\view\page\main.php][434]
[20210603040005]Undefined variable: cate_sub_seq[D:\AutoSet10\pollntalk\app\view\page\main.php][434]
[20210603040005]Undefined variable: cate_seq[D:\AutoSet10\pollntalk\app\view\page\main.php][436]
[20210603040005]Undefined variable: cate_sub_seq[D:\AutoSet10\pollntalk\app\view\page\main.php][436]
[20210603040005]Undefined index: member_seq[D:\AutoSet10\pollntalk\app\view\page\main.php][478]
[20210603040005]Undefined index: member_seq[D:\AutoSet10\pollntalk\app\view\page\main.php][478]
[20210603040005]Undefined index: member_seq[D:\AutoSet10\pollntalk\app\view\page\main.php][478]
[20210603040005]Undefined index: member_seq[D:\AutoSet10\pollntalk\app\view\page\main.php][478]
[20210603040005]Undefined index: member_seq[D:\AutoSet10\pollntalk\app\view\page\main.php][478]
[20210603040005]Undefined index: member_seq[D:\AutoSet10\pollntalk\app\view\page\main.php][478]
[20210603040005]Undefined index: member_seq[D:\AutoSet10\pollntalk\app\view\page\main.php][478]
[20210603040005]Undefined index: member_seq[D:\AutoSet10\pollntalk\app\view\page\main.php][478]
[20210603040005]Undefined index: member_seq[D:\AutoSet10\pollntalk\app\view\page\main.php][478]
[20210603040005]Undefined index: member_seq[D:\AutoSet10\pollntalk\app\view\page\main.php][478]
[20210603040005]Undefined index: page[D:\AutoSet10\pollntalk\app\view\page\main.php][561]
[20210603040005]Undefined variable: cate_seq[D:\AutoSet10\pollntalk\app\view\page\main.php][562]
[20210603040005]Undefined variable: cate_sub_seq[D:\AutoSet10\pollntalk\app\view\page\main.php][562]
[20210603040005]Undefined index: member_seq[D:\AutoSet10\pollntalk\app\view\page\main.php][604]
[20210603040005]Undefined index: member_seq[D:\AutoSet10\pollntalk\app\view\page\main.php][604]
[20210603040005]Undefined index: member_seq[D:\AutoSet10\pollntalk\app\view\page\main.php][604]
[20210603040005]Undefined index: member_seq[D:\AutoSet10\pollntalk\app\view\page\main.php][604]
[20210603040005]Undefined index: member_seq[D:\AutoSet10\pollntalk\app\view\page\main.php][604]
[20210603040005]Undefined index: member_seq[D:\AutoSet10\pollntalk\app\view\page\main.php][604]
[20210603040005]Undefined index: member_seq[D:\AutoSet10\pollntalk\app\view\page\main.php][604]
[20210603040005]Undefined index: member_seq[D:\AutoSet10\pollntalk\app\view\page\main.php][604]
[20210603040005]Undefined index: member_seq[D:\AutoSet10\pollntalk\app\view\page\main.php][604]
[20210603040005]Undefined index: member_seq[D:\AutoSet10\pollntalk\app\view\page\main.php][604]
[20210603040005]Undefined index: page[D:\AutoSet10\pollntalk\app\view\page\main.php][673]
[20210603040005]Undefined variable: cate_seq[D:\AutoSet10\pollntalk\app\view\page\main.php][674]
[20210603040005]Undefined variable: cate_sub_seq[D:\AutoSet10\pollntalk\app\view\page\main.php][674]
[20210603040005]Undefined index: member_seq[D:\AutoSet10\pollntalk\app\view\page\main.php][734]
[20210603040005]Undefined index: member_seq[D:\AutoSet10\pollntalk\app\view\page\main.php][734]
[20210603040005]Undefined index: member_seq[D:\AutoSet10\pollntalk\app\view\page\main.php][734]
[20210603040005]Undefined index: member_seq[D:\AutoSet10\pollntalk\app\view\page\main.php][734]
[20210603040005]Undefined index: member_seq[D:\AutoSet10\pollntalk\app\view\page\main.php][734]
[20210603040005]Undefined index: member_seq[D:\AutoSet10\pollntalk\app\view\page\main.php][734]
[20210603040005]Undefined index: member_seq[D:\AutoSet10\pollntalk\app\view\page\main.php][734]
[20210603040005]Undefined index: member_seq[D:\AutoSet10\pollntalk\app\view\page\main.php][734]
[20210603040005]Undefined index: member_seq[D:\AutoSet10\pollntalk\app\view\page\main.php][734]
[20210603040005]Undefined index: member_seq[D:\AutoSet10\pollntalk\app\view\page\main.php][734]
[20210603040005]Undefined index: mode[D:\AutoSet10\pollntalk\app\view\common\footer.php][2]
[20210603040005]Undefined variable: sub[D:\AutoSet10\pollntalk\app\view\common\footer.php][76]
[20210603040005]Undefined variable: sub[D:\AutoSet10\pollntalk\app\view\common\footer.php][83]
[20210603040005]Undefined index: member_seq[D:\AutoSet10\pollntalk\index.php][13]
[20210603040005]Undefined offset: 1[D:\AutoSet10\pollntalk\index.php][46]
[20210603040005]Undefined index: memeber_seq[D:\AutoSet10\pollntalk\index.php][107]
[20210603040005]Undefined index: member_seq[D:\AutoSet10\pollntalk\index.php][145]
[20210603040005]Undefined index: member_seq[D:\AutoSet10\pollntalk\index.php][199]
[20210603040005]Undefined index: member_seq[D:\AutoSet10\pollntalk\index.php][233]
[20210603040005]Undefined index: search[D:\AutoSet10\pollntalk\index.php][253]
[20210603040005]Undefined index: search[D:\AutoSet10\pollntalk\index.php][255]
[20210603040005]Undefined variable: display[D:\AutoSet10\pollntalk\app\view\page\main.php][23]
[20210603040005]Undefined index: cate_seq[D:\AutoSet10\pollntalk\app\view\common\category.php][20]
[20210603040005]Undefined index: cate_seq[D:\AutoSet10\pollntalk\app\view\common\category.php][28]
[20210603040005]Undefined index: cate_seq[D:\AutoSet10\pollntalk\app\view\common\category.php][20]
[20210603040005]Undefined index: cate_seq[D:\AutoSet10\pollntalk\app\view\common\category.php][28]
[20210603040005]Undefined index: cate_seq[D:\AutoSet10\pollntalk\app\view\common\category.php][20]
[20210603040005]Undefined index: cate_seq[D:\AutoSet10\pollntalk\app\view\common\category.php][28]
[20210603040005]Undefined index: cate_seq[D:\AutoSet10\pollntalk\app\view\common\category.php][20]
[20210603040005]Undefined index: cate_seq[D:\AutoSet10\pollntalk\app\view\common\category.php][28]
[20210603040005]Undefined index: cate_seq[D:\AutoSet10\pollntalk\app\view\common\category.php][20]
[20210603040005]Undefined index: cate_seq[D:\AutoSet10\pollntalk\app\view\common\category.php][28]
[20210603040005]Undefined index: cate_seq[D:\AutoSet10\pollntalk\app\view\common\category.php][20]
[20210603040005]Undefined index: cate_seq[D:\AutoSet10\pollntalk\app\view\common\category.php][28]
[20210603040005]Undefined index: cate_seq[D:\AutoSet10\pollntalk\app\view\common\category.php][20]
[20210603040005]Undefined index: cate_seq[D:\AutoSet10\pollntalk\app\view\common\category.php][28]
[20210603040005]Undefined index: cate_seq[D:\AutoSet10\pollntalk\app\view\common\category.php][20]
[20210603040005]Undefined index: cate_seq[D:\AutoSet10\pollntalk\app\view\common\category.php][28]
[20210603040005]Undefined index: cate_seq[D:\AutoSet10\pollntalk\app\view\common\category.php][20]
[20210603040005]Undefined index: cate_seq[D:\AutoSet10\pollntalk\app\view\common\category.php][28]
[20210603040005]Undefined index: cate_seq[D:\AutoSet10\pollntalk\app\view\common\category.php][20]
[20210603040005]Undefined index: cert[D:\AutoSet10\pollntalk\app\view\common\category.php][33]
[20210603040005]Undefined index: member_seq[D:\AutoSet10\pollntalk\app\view\common\category.php][42]
[20210603040005]Undefined index: cate_seq[D:\AutoSet10\pollntalk\app\view\common\category.php][46]
[20210603040005]Undefined index: page[D:\AutoSet10\pollntalk\app\view\page\main.php][178]
[20210603040005]Undefined variable: cate_seq[D:\AutoSet10\pollntalk\app\view\page\main.php][180]
[20210603040005]Undefined variable: cate_sub_seq[D:\AutoSet10\pollntalk\app\view\page\main.php][180]
[20210603040005]Undefined variable: cate_seq[D:\AutoSet10\pollntalk\app\view\page\main.php][182]
[20210603040005]Undefined variable: cate_sub_seq[D:\AutoSet10\pollntalk\app\view\page\main.php][182]
[20210603040005]Undefined index: member_seq[D:\AutoSet10\pollntalk\app\view\page\main.php][224]
[20210603040005]Undefined index: member_seq[D:\AutoSet10\pollntalk\app\view\page\main.php][224]
[20210603040005]Undefined index: member_seq[D:\AutoSet10\pollntalk\app\view\page\main.php][224]
[20210603040005]Undefined variable: cate_seq[D:\AutoSet10\pollntalk\app\view\page\main.php][307]
[20210603040005]Undefined variable: cate_sub_seq[D:\AutoSet10\pollntalk\app\view\page\main.php][307]
[20210603040005]Undefined variable: cate_seq[D:\AutoSet10\pollntalk\app\view\page\main.php][309]
[20210603040005]Undefined variable: cate_sub_seq[D:\AutoSet10\pollntalk\app\view\page\main.php][309]
[20210603040005]Undefined index: member_seq[D:\AutoSet10\pollntalk\app\view\page\main.php][351]
[20210603040005]Undefined index: member_seq[D:\AutoSet10\pollntalk\app\view\page\main.php][351]
[20210603040005]Undefined index: member_seq[D:\AutoSet10\pollntalk\app\view\page\main.php][351]
[20210603040005]Undefined index: member_seq[D:\AutoSet10\pollntalk\app\view\page\main.php][351]
[20210603040011]Undefined index: member_seq[D:\AutoSet10\pollntalk\app\handler\util\CApp_Handler_Util_Common.php][65]
[20210603040016]Undefined index: member_seq[D:\AutoSet10\pollntalk\app\handler\util\CApp_Handler_Util_Common.php][65]
[20210603040021]Undefined index: member_seq[D:\AutoSet10\pollntalk\app\handler\util\CApp_Handler_Util_Common.php][65]
[20210603040026]Undefined index: member_seq[D:\AutoSet10\pollntalk\app\handler\util\CApp_Handler_Util_Common.php][65]
[20210603040031]Undefined index: member_seq[D:\AutoSet10\pollntalk\app\handler\util\CApp_Handler_Util_Common.php][65]
[20210603040036]Undefined index: member_seq[D:\AutoSet10\pollntalk\app\handler\util\CApp_Handler_Util_Common.php][65]
[20210603040041]Undefined index: member_seq[D:\AutoSet10\pollntalk\app\handler\util\CApp_Handler_Util_Common.php][65]
[20210603040046]Undefined index: member_seq[D:\AutoSet10\pollntalk\app\handler\util\CApp_Handler_Util_Common.php][65]
[20210603040049]Undefined index: member_seq[D:\AutoSet10\pollntalk\index.php][13]
[20210603040049]Undefined offset: 1[D:\AutoSet10\pollntalk\index.php][46]
[20210603040049]Undefined index: memeber_seq[D:\AutoSet10\pollntalk\index.php][107]
[20210603040049]Undefined index: member_seq[D:\AutoSet10\pollntalk\index.php][145]
[20210603040049]Undefined index: member_seq[D:\AutoSet10\pollntalk\index.php][199]
[20210603040049]Undefined index: member_seq[D:\AutoSet10\pollntalk\index.php][233]
[20210603040049]Undefined index: search[D:\AutoSet10\pollntalk\index.php][253]
[20210603040049]Undefined index: search[D:\AutoSet10\pollntalk\index.php][255]
[20210603040049]Undefined variable: display[D:\AutoSet10\pollntalk\app\view\page\main.php][23]
[20210603040049]Undefined index: cate_seq[D:\AutoSet10\pollntalk\app\view\common\category.php][20]
[20210603040049]Undefined index: cate_seq[D:\AutoSet10\pollntalk\app\view\common\category.php][28]
[20210603040049]Undefined index: cate_seq[D:\AutoSet10\pollntalk\app\view\common\category.php][20]
[20210603040049]Undefined index: cate_seq[D:\AutoSet10\pollntalk\app\view\common\category.php][28]
[20210603040049]Undefined index: cate_seq[D:\AutoSet10\pollntalk\app\view\common\category.php][20]
[20210603040049]Undefined index: cate_seq[D:\AutoSet10\pollntalk\app\view\common\category.php][28]
[20210603040049]Undefined index: cate_seq[D:\AutoSet10\pollntalk\app\view\common\category.php][20]
[20210603040049]Undefined index: cate_seq[D:\AutoSet10\pollntalk\app\view\common\category.php][28]
[20210603040049]Undefined index: cate_seq[D:\AutoSet10\pollntalk\app\view\common\category.php][20]
[20210603040049]Undefined index: cate_seq[D:\AutoSet10\pollntalk\app\view\common\category.php][28]
[20210603040049]Undefined index: cate_seq[D:\AutoSet10\pollntalk\app\view\common\category.php][20]
[20210603040049]Undefined index: cate_seq[D:\AutoSet10\pollntalk\app\view\common\category.php][28]
[20210603040049]Undefined index: cate_seq[D:\AutoSet10\pollntalk\app\view\common\category.php][20]
[20210603040049]Undefined index: cate_seq[D:\AutoSet10\pollntalk\app\view\common\category.php][28]
[20210603040049]Undefined index: cate_seq[D:\AutoSet10\pollntalk\app\view\common\category.php][20]
[20210603040049]Undefined index: cate_seq[D:\AutoSet10\pollntalk\app\view\common\category.php][28]
[20210603040049]Undefined index: cate_seq[D:\AutoSet10\pollntalk\app\view\common\category.php][20]
[20210603040049]Undefined index: cate_seq[D:\AutoSet10\pollntalk\app\view\common\category.php][28]
[20210603040049]Undefined index: cate_seq[D:\AutoSet10\pollntalk\app\view\common\category.php][20]
[20210603040049]Undefined index: cert[D:\AutoSet10\pollntalk\app\view\common\category.php][33]
[20210603040049]Undefined index: member_seq[D:\AutoSet10\pollntalk\app\view\common\category.php][42]
[20210603040049]Undefined index: cate_seq[D:\AutoSet10\pollntalk\app\view\common\category.php][46]
[20210603040049]Undefined index: page[D:\AutoSet10\pollntalk\app\view\page\main.php][178]
[20210603040049]Undefined variable: cate_seq[D:\AutoSet10\pollntalk\app\view\page\main.php][180]
[20210603040049]Undefined variable: cate_sub_seq[D:\AutoSet10\pollntalk\app\view\page\main.php][180]
[20210603040049]Undefined variable: cate_seq[D:\AutoSet10\pollntalk\app\view\page\main.php][182]
[20210603040049]Undefined variable: cate_sub_seq[D:\AutoSet10\pollntalk\app\view\page\main.php][182]
[20210603040049]Undefined index: member_seq[D:\AutoSet10\pollntalk\app\view\page\main.php][224]
[20210603040049]Undefined index: member_seq[D:\AutoSet10\pollntalk\app\view\page\main.php][224]
[20210603040049]Undefined index: member_seq[D:\AutoSet10\pollntalk\app\view\page\main.php][224]
[20210603040049]Undefined variable: cate_seq[D:\AutoSet10\pollntalk\app\view\page\main.php][307]
[20210603040049]Undefined variable: cate_sub_seq[D:\AutoSet10\pollntalk\app\view\page\main.php][307]
[20210603040049]Undefined variable: cate_seq[D:\AutoSet10\pollntalk\app\view\page\main.php][309]
[20210603040049]Undefined variable: cate_sub_seq[D:\AutoSet10\pollntalk\app\view\page\main.php][309]
[20210603040049]Undefined index: member_seq[D:\AutoSet10\pollntalk\app\view\page\main.php][351]
[20210603040049]Undefined index: member_seq[D:\AutoSet10\pollntalk\app\view\page\main.php][351]
[20210603040049]Undefined index: member_seq[D:\AutoSet10\pollntalk\app\view\page\main.php][351]
[20210603040049]Undefined index: member_seq[D:\AutoSet10\pollntalk\app\view\page\main.php][351]
[20210603040049]Undefined index: member_seq[D:\AutoSet10\pollntalk\app\view\page\main.php][351]
[20210603040049]Undefined index: member_seq[D:\AutoSet10\pollntalk\app\view\page\main.php][351]
[20210603040049]Undefined index: member_seq[D:\AutoSet10\pollntalk\app\view\page\main.php][351]
[20210603040049]Undefined index: member_seq[D:\AutoSet10\pollntalk\app\view\page\main.php][351]
[20210603040049]Undefined index: member_seq[D:\AutoSet10\pollntalk\app\view\page\main.php][351]
[20210603040049]Undefined index: member_seq[D:\AutoSet10\pollntalk\app\view\page\main.php][351]
[20210603040049]Undefined index: member_seq[D:\AutoSet10\pollntalk\app\view\page\main.php][351]
[20210603040049]Undefined index: member_seq[D:\AutoSet10\pollntalk\app\view\page\main.php][351]
[20210603040049]Undefined index: member_seq[D:\AutoSet10\pollntalk\app\view\page\main.php][351]
[20210603040049]Undefined index: member_seq[D:\AutoSet10\pollntalk\app\view\page\main.php][351]
[20210603040049]Undefined index: member_seq[D:\AutoSet10\pollntalk\app\view\page\main.php][351]
[20210603040049]Undefined variable: cate_seq[D:\AutoSet10\pollntalk\app\view\page\main.php][434]
[20210603040049]Undefined variable: cate_sub_seq[D:\AutoSet10\pollntalk\app\view\page\main.php][434]
[20210603040049]Undefined variable: cate_seq[D:\AutoSet10\pollntalk\app\view\page\main.php][436]
[20210603040049]Undefined variable: cate_sub_seq[D:\AutoSet10\pollntalk\app\view\page\main.php][436]
[20210603040049]Undefined index: member_seq[D:\AutoSet10\pollntalk\app\view\page\main.php][478]
[20210603040049]Undefined index: member_seq[D:\AutoSet10\pollntalk\app\view\page\main.php][478]
[20210603040049]Undefined index: member_seq[D:\AutoSet10\pollntalk\app\view\page\main.php][478]
[20210603040049]Undefined index: member_seq[D:\AutoSet10\pollntalk\app\view\page\main.php][478]
[20210603040049]Undefined index: member_seq[D:\AutoSet10\pollntalk\app\view\page\main.php][478]
[20210603040049]Undefined index: member_seq[D:\AutoSet10\pollntalk\app\view\page\main.php][478]
[20210603040049]Undefined index: member_seq[D:\AutoSet10\pollntalk\app\view\page\main.php][478]
[20210603040049]Undefined index: member_seq[D:\AutoSet10\pollntalk\app\view\page\main.php][478]
[20210603040049]Undefined index: member_seq[D:\AutoSet10\pollntalk\app\view\page\main.php][478]
[20210603040049]Undefined index: member_seq[D:\AutoSet10\pollntalk\app\view\page\main.php][478]
[20210603040049]Undefined index: page[D:\AutoSet10\pollntalk\app\view\page\main.php][561]
[20210603040049]Undefined variable: cate_seq[D:\AutoSet10\pollntalk\app\view\page\main.php][562]
[20210603040049]Undefined variable: cate_sub_seq[D:\AutoSet10\pollntalk\app\view\page\main.php][562]
[20210603040050]Undefined index: member_seq[D:\AutoSet10\pollntalk\app\view\page\main.php][604]
[20210603040050]Undefined index: member_seq[D:\AutoSet10\pollntalk\app\view\page\main.php][604]
[20210603040050]Undefined index: member_seq[D:\AutoSet10\pollntalk\app\view\page\main.php][604]
[20210603040050]Undefined index: member_seq[D:\AutoSet10\pollntalk\app\view\page\main.php][604]
[20210603040050]Undefined index: member_seq[D:\AutoSet10\pollntalk\app\view\page\main.php][604]
[20210603040050]Undefined index: member_seq[D:\AutoSet10\pollntalk\app\view\page\main.php][604]
[20210603040050]Undefined index: member_seq[D:\AutoSet10\pollntalk\app\view\page\main.php][604]
[20210603040050]Undefined index: member_seq[D:\AutoSet10\pollntalk\app\view\page\main.php][604]
[20210603040050]Undefined index: member_seq[D:\AutoSet10\pollntalk\app\view\page\main.php][604]
[20210603040050]Undefined index: member_seq[D:\AutoSet10\pollntalk\app\view\page\main.php][604]
[20210603040050]Undefined index: page[D:\AutoSet10\pollntalk\app\view\page\main.php][673]
[20210603040050]Undefined variable: cate_seq[D:\AutoSet10\pollntalk\app\view\page\main.php][674]
[20210603040050]Undefined variable: cate_sub_seq[D:\AutoSet10\pollntalk\app\view\page\main.php][674]
[20210603040050]Undefined index: member_seq[D:\AutoSet10\pollntalk\app\view\page\main.php][734]
[20210603040050]Undefined index: member_seq[D:\AutoSet10\pollntalk\app\view\page\main.php][734]
[20210603040050]Undefined index: member_seq[D:\AutoSet10\pollntalk\app\view\page\main.php][734]
[20210603040050]Undefined index: member_seq[D:\AutoSet10\pollntalk\app\view\page\main.php][734]
[20210603040050]Undefined index: member_seq[D:\AutoSet10\pollntalk\app\view\page\main.php][734]
[20210603040050]Undefined index: member_seq[D:\AutoSet10\pollntalk\app\view\page\main.php][734]
[20210603040050]Undefined index: member_seq[D:\AutoSet10\pollntalk\app\view\page\main.php][734]
[20210603040050]Undefined index: member_seq[D:\AutoSet10\pollntalk\app\view\page\main.php][734]
[20210603040050]Undefined index: member_seq[D:\AutoSet10\pollntalk\app\view\page\main.php][734]
[20210603040050]Undefined index: member_seq[D:\AutoSet10\pollntalk\app\view\page\main.php][734]
[20210603040050]Undefined index: mode[D:\AutoSet10\pollntalk\app\view\common\footer.php][2]
[20210603040050]Undefined variable: sub[D:\AutoSet10\pollntalk\app\view\common\footer.php][76]
[20210603040050]Undefined variable: sub[D:\AutoSet10\pollntalk\app\view\common\footer.php][83]
[20210603040050]Undefined index: member_seq[D:\AutoSet10\pollntalk\index.php][13]
[20210603040050]Undefined offset: 1[D:\AutoSet10\pollntalk\index.php][46]
[20210603040050]Undefined index: memeber_seq[D:\AutoSet10\pollntalk\index.php][107]
[20210603040050]Undefined index: member_seq[D:\AutoSet10\pollntalk\index.php][145]
[20210603040050]Undefined index: member_seq[D:\AutoSet10\pollntalk\index.php][199]
[20210603040050]Undefined index: member_seq[D:\AutoSet10\pollntalk\index.php][233]
[20210603040050]Undefined index: search[D:\AutoSet10\pollntalk\index.php][253]
[20210603040050]Undefined index: search[D:\AutoSet10\pollntalk\index.php][255]
[20210603040050]Undefined variable: display[D:\AutoSet10\pollntalk\app\view\page\main.php][23]
[20210603040050]Undefined index: cate_seq[D:\AutoSet10\pollntalk\app\view\common\category.php][20]
[20210603040050]Undefined index: cate_seq[D:\AutoSet10\pollntalk\app\view\common\category.php][28]
[20210603040050]Undefined index: cate_seq[D:\AutoSet10\pollntalk\app\view\common\category.php][20]
[20210603040050]Undefined index: cate_seq[D:\AutoSet10\pollntalk\app\view\common\category.php][28]
[20210603040050]Undefined index: cate_seq[D:\AutoSet10\pollntalk\app\view\common\category.php][20]
[20210603040050]Undefined index: cate_seq[D:\AutoSet10\pollntalk\app\view\common\category.php][28]
[20210603040050]Undefined index: cate_seq[D:\AutoSet10\pollntalk\app\view\common\category.php][20]
[20210603040050]Undefined index: cate_seq[D:\AutoSet10\pollntalk\app\view\common\category.php][28]
[20210603040050]Undefined index: cate_seq[D:\AutoSet10\pollntalk\app\view\common\category.php][20]
[20210603040050]Undefined index: cate_seq[D:\AutoSet10\pollntalk\app\view\common\category.php][28]
[20210603040050]Undefined index: cate_seq[D:\AutoSet10\pollntalk\app\view\common\category.php][20]
[20210603040050]Undefined index: cate_seq[D:\AutoSet10\pollntalk\app\view\common\category.php][28]
[20210603040050]Undefined index: cate_seq[D:\AutoSet10\pollntalk\app\view\common\category.php][20]
[20210603040050]Undefined index: cate_seq[D:\AutoSet10\pollntalk\app\view\common\category.php][28]
[20210603040050]Undefined index: cate_seq[D:\AutoSet10\pollntalk\app\view\common\category.php][20]
[20210603040050]Undefined index: cate_seq[D:\AutoSet10\pollntalk\app\view\common\category.php][28]
[20210603040050]Undefined index: cate_seq[D:\AutoSet10\pollntalk\app\view\common\category.php][20]
[20210603040050]Undefined index: cate_seq[D:\AutoSet10\pollntalk\app\view\common\category.php][28]
[20210603040050]Undefined index: cate_seq[D:\AutoSet10\pollntalk\app\view\common\category.php][20]
[20210603040050]Undefined index: cert[D:\AutoSet10\pollntalk\app\view\common\category.php][33]
[20210603040050]Undefined index: member_seq[D:\AutoSet10\pollntalk\app\view\common\category.php][42]
[20210603040050]Undefined index: cate_seq[D:\AutoSet10\pollntalk\app\view\common\category.php][46]
[20210603040050]Undefined index: page[D:\AutoSet10\pollntalk\app\view\page\main.php][178]
[20210603040050]Undefined variable: cate_seq[D:\AutoSet10\pollntalk\app\view\page\main.php][180]
[20210603040050]Undefined variable: cate_sub_seq[D:\AutoSet10\pollntalk\app\view\page\main.php][180]
[20210603040050]Undefined variable: cate_seq[D:\AutoSet10\pollntalk\app\view\page\main.php][182]
[20210603040050]Undefined variable: cate_sub_seq[D:\AutoSet10\pollntalk\app\view\page\main.php][182]
[20210603040050]Undefined index: member_seq[D:\AutoSet10\pollntalk\app\view\page\main.php][224]
[20210603040050]Undefined index: member_seq[D:\AutoSet10\pollntalk\app\view\page\main.php][224]
[20210603040050]Undefined index: member_seq[D:\AutoSet10\pollntalk\app\view\page\main.php][224]
[20210603040050]Undefined variable: cate_seq[D:\AutoSet10\pollntalk\app\view\page\main.php][307]
[20210603040050]Undefined variable: cate_sub_seq[D:\AutoSet10\pollntalk\app\view\page\main.php][307]
[20210603040050]Undefined variable: cate_seq[D:\AutoSet10\pollntalk\app\view\page\main.php][309]
[20210603040050]Undefined variable: cate_sub_seq[D:\AutoSet10\pollntalk\app\view\page\main.php][309]
[20210603040050]Undefined index: member_seq[D:\AutoSet10\pollntalk\app\view\page\main.php][351]
[20210603040050]Undefined index: member_seq[D:\AutoSet10\pollntalk\app\view\page\main.php][351]
[20210603040050]Undefined index: member_seq[D:\AutoSet10\pollntalk\app\view\page\main.php][351]
[20210603040050]Undefined index: member_seq[D:\AutoSet10\pollntalk\app\view\page\main.php][351]
[20210603040055]Undefined index: member_seq[D:\AutoSet10\pollntalk\app\handler\util\CApp_Handler_Util_Common.php][65]
[20210603040100]Undefined index: member_seq[D:\AutoSet10\pollntalk\app\handler\util\CApp_Handler_Util_Common.php][65]
[20210603040105]Undefined index: member_seq[D:\AutoSet10\pollntalk\app\handler\util\CApp_Handler_Util_Common.php][65]
[20210603040110]Undefined index: member_seq[D:\AutoSet10\pollntalk\app\handler\util\CApp_Handler_Util_Common.php][65]
[20210603040115]Undefined index: member_seq[D:\AutoSet10\pollntalk\app\handler\util\CApp_Handler_Util_Common.php][65]
[20210603040120]Undefined index: member_seq[D:\AutoSet10\pollntalk\app\handler\util\CApp_Handler_Util_Common.php][65]
[20210603040125]Undefined index: member_seq[D:\AutoSet10\pollntalk\app\handler\util\CApp_Handler_Util_Common.php][65]
[20210603040130]Undefined index: member_seq[D:\AutoSet10\pollntalk\app\handler\util\CApp_Handler_Util_Common.php][65]
[20210603040135]Undefined index: member_seq[D:\AutoSet10\pollntalk\app\handler\util\CApp_Handler_Util_Common.php][65]
[20210603040140]Undefined index: member_seq[D:\AutoSet10\pollntalk\app\handler\util\CApp_Handler_Util_Common.php][65]
[20210603040145]Undefined index: member_seq[D:\AutoSet10\pollntalk\app\handler\util\CApp_Handler_Util_Common.php][65]
[20210603040150]Undefined index: member_seq[D:\AutoSet10\pollntalk\app\handler\util\CApp_Handler_Util_Common.php][65]
[20210603040155]Undefined index: member_seq[D:\AutoSet10\pollntalk\app\handler\util\CApp_Handler_Util_Common.php][65]
[20210603040200]Undefined index: member_seq[D:\AutoSet10\pollntalk\app\handler\util\CApp_Handler_Util_Common.php][65]
[20210603040205]Undefined index: member_seq[D:\AutoSet10\pollntalk\app\handler\util\CApp_Handler_Util_Common.php][65]
[20210603040210]Undefined index: member_seq[D:\AutoSet10\pollntalk\app\handler\util\CApp_Handler_Util_Common.php][65]
[20210603040215]Undefined index: member_seq[D:\AutoSet10\pollntalk\app\handler\util\CApp_Handler_Util_Common.php][65]
[20210603040220]Undefined index: member_seq[D:\AutoSet10\pollntalk\app\handler\util\CApp_Handler_Util_Common.php][65]
[20210603040225]Undefined index: member_seq[D:\AutoSet10\pollntalk\app\handler\util\CApp_Handler_Util_Common.php][65]
[20210603040230]Undefined index: member_seq[D:\AutoSet10\pollntalk\app\handler\util\CApp_Handler_Util_Common.php][65]
[20210603040235]Undefined index: member_seq[D:\AutoSet10\pollntalk\app\handler\util\CApp_Handler_Util_Common.php][65]
[20210603040240]Undefined index: member_seq[D:\AutoSet10\pollntalk\app\handler\util\CApp_Handler_Util_Common.php][65]
[20210603040245]Undefined index: member_seq[D:\AutoSet10\pollntalk\app\handler\util\CApp_Handler_Util_Common.php][65]
[20210603040250]Undefined index: member_seq[D:\AutoSet10\pollntalk\app\handler\util\CApp_Handler_Util_Common.php][65]
[20210603040255]Undefined index: member_seq[D:\AutoSet10\pollntalk\app\handler\util\CApp_Handler_Util_Common.php][65]
[20210603040300]Undefined index: member_seq[D:\AutoSet10\pollntalk\app\handler\util\CApp_Handler_Util_Common.php][65]
[20210603040305]Undefined index: member_seq[D:\AutoSet10\pollntalk\app\handler\util\CApp_Handler_Util_Common.php][65]
[20210603040310]Undefined index: member_seq[D:\AutoSet10\pollntalk\app\handler\util\CApp_Handler_Util_Common.php][65]
[20210603040315]Undefined index: member_seq[D:\AutoSet10\pollntalk\app\handler\util\CApp_Handler_Util_Common.php][65]
[20210603040320]Undefined index: member_seq[D:\AutoSet10\pollntalk\app\handler\util\CApp_Handler_Util_Common.php][65]
[20210603040325]Undefined index: member_seq[D:\AutoSet10\pollntalk\app\handler\util\CApp_Handler_Util_Common.php][65]
[20210603040330]Undefined index: member_seq[D:\AutoSet10\pollntalk\app\handler\util\CApp_Handler_Util_Common.php][65]
[20210603040335]Undefined index: member_seq[D:\AutoSet10\pollntalk\app\handler\util\CApp_Handler_Util_Common.php][65]
[20210603040340]Undefined index: member_seq[D:\AutoSet10\pollntalk\app\handler\util\CApp_Handler_Util_Common.php][65]
[20210603040345]Undefined index: member_seq[D:\AutoSet10\pollntalk\app\handler\util\CApp_Handler_Util_Common.php][65]
[20210603040350]Undefined index: member_seq[D:\AutoSet10\pollntalk\app\handler\util\CApp_Handler_Util_Common.php][65]
[20210603040355]Undefined index: member_seq[D:\AutoSet10\pollntalk\app\handler\util\CApp_Handler_Util_Common.php][65]
[20210603040400]Undefined index: member_seq[D:\AutoSet10\pollntalk\app\handler\util\CApp_Handler_Util_Common.php][65]
[20210603040405]Undefined index: member_seq[D:\AutoSet10\pollntalk\app\handler\util\CApp_Handler_Util_Common.php][65]
[20210603040410]Undefined index: member_seq[D:\AutoSet10\pollntalk\app\handler\util\CApp_Handler_Util_Common.php][65]
[20210603040415]Undefined index: member_seq[D:\AutoSet10\pollntalk\app\handler\util\CApp_Handler_Util_Common.php][65]
[20210603040420]Undefined index: member_seq[D:\AutoSet10\pollntalk\app\handler\util\CApp_Handler_Util_Common.php][65]
[20210603040425]Undefined index: member_seq[D:\AutoSet10\pollntalk\app\handler\util\CApp_Handler_Util_Common.php][65]
[20210603040430]Undefined index: member_seq[D:\AutoSet10\pollntalk\app\handler\util\CApp_Handler_Util_Common.php][65]
[20210603040435]Undefined index: member_seq[D:\AutoSet10\pollntalk\app\handler\util\CApp_Handler_Util_Common.php][65]
[20210603040440]Undefined index: member_seq[D:\AutoSet10\pollntalk\app\handler\util\CApp_Handler_Util_Common.php][65]
[20210603040445]Undefined index: member_seq[D:\AutoSet10\pollntalk\app\handler\util\CApp_Handler_Util_Common.php][65]
[20210603040450]Undefined index: member_seq[D:\AutoSet10\pollntalk\app\handler\util\CApp_Handler_Util_Common.php][65]
[20210603040455]Undefined index: member_seq[D:\AutoSet10\pollntalk\app\handler\util\CApp_Handler_Util_Common.php][65]
[20210603040500]Undefined index: member_seq[D:\AutoSet10\pollntalk\app\handler\util\CApp_Handler_Util_Common.php][65]
[20210603040505]Undefined index: member_seq[D:\AutoSet10\pollntalk\app\handler\util\CApp_Handler_Util_Common.php][65]
[20210603040510]Undefined index: member_seq[D:\AutoSet10\pollntalk\app\handler\util\CApp_Handler_Util_Common.php][65]
[20210603040515]Undefined index: member_seq[D:\AutoSet10\pollntalk\app\handler\util\CApp_Handler_Util_Common.php][65]
[20210603040520]Undefined index: member_seq[D:\AutoSet10\pollntalk\app\handler\util\CApp_Handler_Util_Common.php][65]
[20210603040526]Undefined index: member_seq[D:\AutoSet10\pollntalk\app\handler\util\CApp_Handler_Util_Common.php][65]
[20210603040531]Undefined index: member_seq[D:\AutoSet10\pollntalk\app\handler\util\CApp_Handler_Util_Common.php][65]
[20210603040536]Undefined index: member_seq[D:\AutoSet10\pollntalk\app\handler\util\CApp_Handler_Util_Common.php][65]
[20210603040541]Undefined index: member_seq[D:\AutoSet10\pollntalk\app\handler\util\CApp_Handler_Util_Common.php][65]
[20210603040546]Undefined index: member_seq[D:\AutoSet10\pollntalk\app\handler\util\CApp_Handler_Util_Common.php][65]
[20210603040551]Undefined index: member_seq[D:\AutoSet10\pollntalk\app\handler\util\CApp_Handler_Util_Common.php][65]
[20210603040556]Undefined index: member_seq[D:\AutoSet10\pollntalk\app\handler\util\CApp_Handler_Util_Common.php][65]
[20210603040601]Undefined index: member_seq[D:\AutoSet10\pollntalk\app\handler\util\CApp_Handler_Util_Common.php][65]
[20210603040606]Undefined index: member_seq[D:\AutoSet10\pollntalk\app\handler\util\CApp_Handler_Util_Common.php][65]
[20210603040611]Undefined index: member_seq[D:\AutoSet10\pollntalk\app\handler\util\CApp_Handler_Util_Common.php][65]
[20210603040616]Undefined index: member_seq[D:\AutoSet10\pollntalk\app\handler\util\CApp_Handler_Util_Common.php][65]
[20210603040621]Undefined index: member_seq[D:\AutoSet10\pollntalk\app\handler\util\CApp_Handler_Util_Common.php][65]
[20210603040626]Undefined index: member_seq[D:\AutoSet10\pollntalk\app\handler\util\CApp_Handler_Util_Common.php][65]
[20210603040631]Undefined index: member_seq[D:\AutoSet10\pollntalk\app\handler\util\CApp_Handler_Util_Common.php][65]
[20210603040636]Undefined index: member_seq[D:\AutoSet10\pollntalk\app\handler\util\CApp_Handler_Util_Common.php][65]
[20210603040641]Undefined index: member_seq[D:\AutoSet10\pollntalk\app\handler\util\CApp_Handler_Util_Common.php][65]
[20210603040646]Undefined index: member_seq[D:\AutoSet10\pollntalk\app\handler\util\CApp_Handler_Util_Common.php][65]
[20210603040651]Undefined index: member_seq[D:\AutoSet10\pollntalk\app\handler\util\CApp_Handler_Util_Common.php][65]
[20210603040656]Undefined index: member_seq[D:\AutoSet10\pollntalk\app\handler\util\CApp_Handler_Util_Common.php][65]
[20210603040701]Undefined index: member_seq[D:\AutoSet10\pollntalk\app\handler\util\CApp_Handler_Util_Common.php][65]
[20210603040706]Undefined index: member_seq[D:\AutoSet10\pollntalk\app\handler\util\CApp_Handler_Util_Common.php][65]
[20210603040710]Undefined index: member_seq[D:\AutoSet10\pollntalk\app\handler\util\CApp_Handler_Util_Common.php][65]
[20210603040715]Undefined index: member_seq[D:\AutoSet10\pollntalk\app\handler\util\CApp_Handler_Util_Common.php][65]
[20210603040720]Undefined index: member_seq[D:\AutoSet10\pollntalk\app\handler\util\CApp_Handler_Util_Common.php][65]
[20210603040725]Undefined index: member_seq[D:\AutoSet10\pollntalk\app\handler\util\CApp_Handler_Util_Common.php][65]
[20210603040730]Undefined index: member_seq[D:\AutoSet10\pollntalk\app\handler\util\CApp_Handler_Util_Common.php][65]
[20210603040735]Undefined index: member_seq[D:\AutoSet10\pollntalk\app\handler\util\CApp_Handler_Util_Common.php][65]
[20210603040740]Undefined index: member_seq[D:\AutoSet10\pollntalk\app\handler\util\CApp_Handler_Util_Common.php][65]
[20210603040745]Undefined index: member_seq[D:\AutoSet10\pollntalk\app\handler\util\CApp_Handler_Util_Common.php][65]
[20210603040750]Undefined index: member_seq[D:\AutoSet10\pollntalk\app\handler\util\CApp_Handler_Util_Common.php][65]
[20210603040755]Undefined index: member_seq[D:\AutoSet10\pollntalk\app\handler\util\CApp_Handler_Util_Common.php][65]
[20210603040800]Undefined index: member_seq[D:\AutoSet10\pollntalk\app\handler\util\CApp_Handler_Util_Common.php][65]
[20210603040805]Undefined index: member_seq[D:\AutoSet10\pollntalk\app\handler\util\CApp_Handler_Util_Common.php][65]
[20210603040810]Undefined index: member_seq[D:\AutoSet10\pollntalk\app\handler\util\CApp_Handler_Util_Common.php][65]
[20210603040815]Undefined index: member_seq[D:\AutoSet10\pollntalk\app\handler\util\CApp_Handler_Util_Common.php][65]
[20210603040820]Undefined index: member_seq[D:\AutoSet10\pollntalk\app\handler\util\CApp_Handler_Util_Common.php][65]
[20210603040825]Undefined index: member_seq[D:\AutoSet10\pollntalk\app\handler\util\CApp_Handler_Util_Common.php][65]
[20210603040831]Undefined index: member_seq[D:\AutoSet10\pollntalk\app\handler\util\CApp_Handler_Util_Common.php][65]
[20210603040836]Undefined index: member_seq[D:\AutoSet10\pollntalk\app\handler\util\CApp_Handler_Util_Common.php][65]
[20210603040841]Undefined index: member_seq[D:\AutoSet10\pollntalk\app\handler\util\CApp_Handler_Util_Common.php][65]
[20210603040846]Undefined index: member_seq[D:\AutoSet10\pollntalk\app\handler\util\CApp_Handler_Util_Common.php][65]
[20210603040851]Undefined index: member_seq[D:\AutoSet10\pollntalk\app\handler\util\CApp_Handler_Util_Common.php][65]
[20210603040856]Undefined index: member_seq[D:\AutoSet10\pollntalk\app\handler\util\CApp_Handler_Util_Common.php][65]
[20210603040901]Undefined index: member_seq[D:\AutoSet10\pollntalk\app\handler\util\CApp_Handler_Util_Common.php][65]
[20210603040906]Undefined index: member_seq[D:\AutoSet10\pollntalk\app\handler\util\CApp_Handler_Util_Common.php][65]
[20210603040911]Undefined index: member_seq[D:\AutoSet10\pollntalk\app\handler\util\CApp_Handler_Util_Common.php][65]
[20210603040916]Undefined index: member_seq[D:\AutoSet10\pollntalk\app\handler\util\CApp_Handler_Util_Common.php][65]
[20210603040921]Undefined index: member_seq[D:\AutoSet10\pollntalk\app\handler\util\CApp_Handler_Util_Common.php][65]
[20210603040926]Undefined index: member_seq[D:\AutoSet10\pollntalk\app\handler\util\CApp_Handler_Util_Common.php][65]
[20210603040931]Undefined index: member_seq[D:\AutoSet10\pollntalk\app\handler\util\CApp_Handler_Util_Common.php][65]
[20210603040936]Undefined index: member_seq[D:\AutoSet10\pollntalk\app\handler\util\CApp_Handler_Util_Common.php][65]
[20210603040941]Undefined index: member_seq[D:\AutoSet10\pollntalk\app\handler\util\CApp_Handler_Util_Common.php][65]
[20210603040946]Undefined index: member_seq[D:\AutoSet10\pollntalk\app\handler\util\CApp_Handler_Util_Common.php][65]
[20210603040951]Undefined index: member_seq[D:\AutoSet10\pollntalk\app\handler\util\CApp_Handler_Util_Common.php][65]
[20210603040956]Undefined index: member_seq[D:\AutoSet10\pollntalk\app\handler\util\CApp_Handler_Util_Common.php][65]
[20210603041001]Undefined index: member_seq[D:\AutoSet10\pollntalk\app\handler\util\CApp_Handler_Util_Common.php][65]
[20210603041006]Undefined index: member_seq[D:\AutoSet10\pollntalk\app\handler\util\CApp_Handler_Util_Common.php][65]
[20210603041011]Undefined index: member_seq[D:\AutoSet10\pollntalk\app\handler\util\CApp_Handler_Util_Common.php][65]
[20210603041016]Undefined index: member_seq[D:\AutoSet10\pollntalk\app\handler\util\CApp_Handler_Util_Common.php][65]
[20210603041021]Undefined index: member_seq[D:\AutoSet10\pollntalk\app\handler\util\CApp_Handler_Util_Common.php][65]
[20210603041026]Undefined index: member_seq[D:\AutoSet10\pollntalk\app\handler\util\CApp_Handler_Util_Common.php][65]
[20210603041031]Undefined index: member_seq[D:\AutoSet10\pollntalk\app\handler\util\CApp_Handler_Util_Common.php][65]
[20210603041036]Undefined index: member_seq[D:\AutoSet10\pollntalk\app\handler\util\CApp_Handler_Util_Common.php][65]
[20210603041041]Undefined index: member_seq[D:\AutoSet10\pollntalk\app\handler\util\CApp_Handler_Util_Common.php][65]
[20210603041046]Undefined index: member_seq[D:\AutoSet10\pollntalk\app\handler\util\CApp_Handler_Util_Common.php][65]
[20210603041051]Undefined index: member_seq[D:\AutoSet10\pollntalk\app\handler\util\CApp_Handler_Util_Common.php][65]
[20210603041056]Undefined index: member_seq[D:\AutoSet10\pollntalk\app\handler\util\CApp_Handler_Util_Common.php][65]
[20210603041101]Undefined index: member_seq[D:\AutoSet10\pollntalk\app\handler\util\CApp_Handler_Util_Common.php][65]
[20210603041106]Undefined index: member_seq[D:\AutoSet10\pollntalk\app\handler\util\CApp_Handler_Util_Common.php][65]
[20210603041111]Undefined index: member_seq[D:\AutoSet10\pollntalk\app\handler\util\CApp_Handler_Util_Common.php][65]
[20210603041116]Undefined index: member_seq[D:\AutoSet10\pollntalk\app\handler\util\CApp_Handler_Util_Common.php][65]
[20210603041121]Undefined index: member_seq[D:\AutoSet10\pollntalk\app\handler\util\CApp_Handler_Util_Common.php][65]
[20210603041126]Undefined index: member_seq[D:\AutoSet10\pollntalk\app\handler\util\CApp_Handler_Util_Common.php][65]
[20210603041131]Undefined index: member_seq[D:\AutoSet10\pollntalk\app\handler\util\CApp_Handler_Util_Common.php][65]
[20210603041136]Undefined index: member_seq[D:\AutoSet10\pollntalk\app\handler\util\CApp_Handler_Util_Common.php][65]
[20210603041141]Undefined index: member_seq[D:\AutoSet10\pollntalk\app\handler\util\CApp_Handler_Util_Common.php][65]
[20210603041146]Undefined index: member_seq[D:\AutoSet10\pollntalk\app\handler\util\CApp_Handler_Util_Common.php][65]
[20210603041151]Undefined index: member_seq[D:\AutoSet10\pollntalk\app\handler\util\CApp_Handler_Util_Common.php][65]
[20210603041156]Undefined index: member_seq[D:\AutoSet10\pollntalk\app\handler\util\CApp_Handler_Util_Common.php][65]
[20210603041201]Undefined index: member_seq[D:\AutoSet10\pollntalk\app\handler\util\CApp_Handler_Util_Common.php][65]
[20210603041206]Undefined index: member_seq[D:\AutoSet10\pollntalk\app\handler\util\CApp_Handler_Util_Common.php][65]
[20210603041211]Undefined index: member_seq[D:\AutoSet10\pollntalk\app\handler\util\CApp_Handler_Util_Common.php][65]
[20210603041216]Undefined index: member_seq[D:\AutoSet10\pollntalk\app\handler\util\CApp_Handler_Util_Common.php][65]
[20210603041221]Undefined index: member_seq[D:\AutoSet10\pollntalk\app\handler\util\CApp_Handler_Util_Common.php][65]
[20210603041226]Undefined index: member_seq[D:\AutoSet10\pollntalk\app\handler\util\CApp_Handler_Util_Common.php][65]
[20210603041231]Undefined index: member_seq[D:\AutoSet10\pollntalk\app\handler\util\CApp_Handler_Util_Common.php][65]
[20210603041236]Undefined index: member_seq[D:\AutoSet10\pollntalk\app\handler\util\CApp_Handler_Util_Common.php][65]
[20210603041241]Undefined index: member_seq[D:\AutoSet10\pollntalk\app\handler\util\CApp_Handler_Util_Common.php][65]
[20210603041246]Undefined index: member_seq[D:\AutoSet10\pollntalk\app\handler\util\CApp_Handler_Util_Common.php][65]
[20210603041251]Undefined index: member_seq[D:\AutoSet10\pollntalk\app\handler\util\CApp_Handler_Util_Common.php][65]
[20210603041256]Undefined index: member_seq[D:\AutoSet10\pollntalk\app\handler\util\CApp_Handler_Util_Common.php][65]
[20210603041301]Undefined index: member_seq[D:\AutoSet10\pollntalk\app\handler\util\CApp_Handler_Util_Common.php][65]
[20210603041306]Undefined index: member_seq[D:\AutoSet10\pollntalk\app\handler\util\CApp_Handler_Util_Common.php][65]
[20210603041311]Undefined index: member_seq[D:\AutoSet10\pollntalk\app\handler\util\CApp_Handler_Util_Common.php][65]
[20210603041316]Undefined index: member_seq[D:\AutoSet10\pollntalk\app\handler\util\CApp_Handler_Util_Common.php][65]
[20210603041321]Undefined index: member_seq[D:\AutoSet10\pollntalk\app\handler\util\CApp_Handler_Util_Common.php][65]
[20210603041326]Undefined index: member_seq[D:\AutoSet10\pollntalk\app\handler\util\CApp_Handler_Util_Common.php][65]
[20210603041331]Undefined index: member_seq[D:\AutoSet10\pollntalk\app\handler\util\CApp_Handler_Util_Common.php][65]
[20210603041336]Undefined index: member_seq[D:\AutoSet10\pollntalk\app\handler\util\CApp_Handler_Util_Common.php][65]
[20210603041341]Undefined index: member_seq[D:\AutoSet10\pollntalk\app\handler\util\CApp_Handler_Util_Common.php][65]
[20210603041346]Undefined index: member_seq[D:\AutoSet10\pollntalk\app\handler\util\CApp_Handler_Util_Common.php][65]
[20210603041351]Undefined index: member_seq[D:\AutoSet10\pollntalk\app\handler\util\CApp_Handler_Util_Common.php][65]
[20210603041450]Undefined index: member_seq[D:\AutoSet10\pollntalk\app\handler\util\CApp_Handler_Util_Common.php][65]
[20210603041550]Undefined index: member_seq[D:\AutoSet10\pollntalk\app\handler\util\CApp_Handler_Util_Common.php][65]
[20210603041650]Undefined index: member_seq[D:\AutoSet10\pollntalk\app\handler\util\CApp_Handler_Util_Common.php][65]
[20210603041750]Undefined index: member_seq[D:\AutoSet10\pollntalk\app\handler\util\CApp_Handler_Util_Common.php][65]
[20210603041850]Undefined index: member_seq[D:\AutoSet10\pollntalk\app\handler\util\CApp_Handler_Util_Common.php][65]
[20210603041950]Undefined index: member_seq[D:\AutoSet10\pollntalk\app\handler\util\CApp_Handler_Util_Common.php][65]
[20210603042050]Undefined index: member_seq[D:\AutoSet10\pollntalk\app\handler\util\CApp_Handler_Util_Common.php][65]
[20210603042150]Undefined index: member_seq[D:\AutoSet10\pollntalk\app\handler\util\CApp_Handler_Util_Common.php][65]
[20210603042250]Undefined index: member_seq[D:\AutoSet10\pollntalk\app\handler\util\CApp_Handler_Util_Common.php][65]
[20210603042350]Undefined index: member_seq[D:\AutoSet10\pollntalk\app\handler\util\CApp_Handler_Util_Common.php][65]
[20210603042450]Undefined index: member_seq[D:\AutoSet10\pollntalk\app\handler\util\CApp_Handler_Util_Common.php][65]
[20210603042550]Undefined index: member_seq[D:\AutoSet10\pollntalk\app\handler\util\CApp_Handler_Util_Common.php][65]
[20210603042650]Undefined index: member_seq[D:\AutoSet10\pollntalk\app\handler\util\CApp_Handler_Util_Common.php][65]
[20210603042711]Undefined index: member_seq[D:\AutoSet10\pollntalk\app\handler\util\CApp_Handler_Util_Common.php][65]
[20210603042716]Undefined index: member_seq[D:\AutoSet10\pollntalk\app\handler\util\CApp_Handler_Util_Common.php][65]
[20210603042721]Undefined index: member_seq[D:\AutoSet10\pollntalk\app\handler\util\CApp_Handler_Util_Common.php][65]
[20210603042726]Undefined index: member_seq[D:\AutoSet10\pollntalk\app\handler\util\CApp_Handler_Util_Common.php][65]
[20210603042731]Undefined index: member_seq[D:\AutoSet10\pollntalk\app\handler\util\CApp_Handler_Util_Common.php][65]
[20210603042736]Undefined index: member_seq[D:\AutoSet10\pollntalk\app\handler\util\CApp_Handler_Util_Common.php][65]
[20210603042741]Undefined index: member_seq[D:\AutoSet10\pollntalk\app\handler\util\CApp_Handler_Util_Common.php][65]
[20210603042746]Undefined index: member_seq[D:\AutoSet10\pollntalk\app\handler\util\CApp_Handler_Util_Common.php][65]
[20210603042750]Undefined index: member_seq[D:\AutoSet10\pollntalk\app\handler\util\CApp_Handler_Util_Common.php][65]
[20210603042755]Undefined index: member_seq[D:\AutoSet10\pollntalk\app\handler\util\CApp_Handler_Util_Common.php][65]
[20210603042801]Undefined index: member_seq[D:\AutoSet10\pollntalk\app\handler\util\CApp_Handler_Util_Common.php][65]
[20210603042806]Undefined index: member_seq[D:\AutoSet10\pollntalk\app\handler\util\CApp_Handler_Util_Common.php][65]
[20210603042811]Undefined index: member_seq[D:\AutoSet10\pollntalk\app\handler\util\CApp_Handler_Util_Common.php][65]
[20210603042816]Undefined index: member_seq[D:\AutoSet10\pollntalk\app\handler\util\CApp_Handler_Util_Common.php][65]
[20210603042821]Undefined index: member_seq[D:\AutoSet10\pollntalk\app\handler\util\CApp_Handler_Util_Common.php][65]
[20210603042826]Undefined index: member_seq[D:\AutoSet10\pollntalk\app\handler\util\CApp_Handler_Util_Common.php][65]
[20210603042831]Undefined index: member_seq[D:\AutoSet10\pollntalk\app\handler\util\CApp_Handler_Util_Common.php][65]
[20210603042836]Undefined index: member_seq[D:\AutoSet10\pollntalk\app\handler\util\CApp_Handler_Util_Common.php][65]
[20210603042841]Undefined index: member_seq[D:\AutoSet10\pollntalk\app\handler\util\CApp_Handler_Util_Common.php][65]
[20210603042846]Undefined index: member_seq[D:\AutoSet10\pollntalk\app\handler\util\CApp_Handler_Util_Common.php][65]
[20210603042850]Undefined index: member_seq[D:\AutoSet10\pollntalk\app\handler\util\CApp_Handler_Util_Common.php][65]
[20210603042855]Undefined index: member_seq[D:\AutoSet10\pollntalk\app\handler\util\CApp_Handler_Util_Common.php][65]
[20210603042901]Undefined index: member_seq[D:\AutoSet10\pollntalk\app\handler\util\CApp_Handler_Util_Common.php][65]
[20210603042906]Undefined index: member_seq[D:\AutoSet10\pollntalk\app\handler\util\CApp_Handler_Util_Common.php][65]
[20210603042911]Undefined index: member_seq[D:\AutoSet10\pollntalk\app\handler\util\CApp_Handler_Util_Common.php][65]
[20210603042916]Undefined index: member_seq[D:\AutoSet10\pollntalk\app\handler\util\CApp_Handler_Util_Common.php][65]
[20210603042921]Undefined index: member_seq[D:\AutoSet10\pollntalk\app\handler\util\CApp_Handler_Util_Common.php][65]
[20210603042926]Undefined index: member_seq[D:\AutoSet10\pollntalk\app\handler\util\CApp_Handler_Util_Common.php][65]
[20210603042931]Undefined index: member_seq[D:\AutoSet10\pollntalk\app\handler\util\CApp_Handler_Util_Common.php][65]
[20210603042936]Undefined index: member_seq[D:\AutoSet10\pollntalk\app\handler\util\CApp_Handler_Util_Common.php][65]
[20210603042941]Undefined index: member_seq[D:\AutoSet10\pollntalk\app\handler\util\CApp_Handler_Util_Common.php][65]
[20210603042946]Undefined index: member_seq[D:\AutoSet10\pollntalk\app\handler\util\CApp_Handler_Util_Common.php][65]
[20210603042951]Undefined index: member_seq[D:\AutoSet10\pollntalk\app\handler\util\CApp_Handler_Util_Common.php][65]
[20210603042956]Undefined index: member_seq[D:\AutoSet10\pollntalk\app\handler\util\CApp_Handler_Util_Common.php][65]
[20210603043001]Undefined index: member_seq[D:\AutoSet10\pollntalk\app\handler\util\CApp_Handler_Util_Common.php][65]
[20210603043006]Undefined index: member_seq[D:\AutoSet10\pollntalk\app\handler\util\CApp_Handler_Util_Common.php][65]
[20210603043011]Undefined index: member_seq[D:\AutoSet10\pollntalk\app\handler\util\CApp_Handler_Util_Common.php][65]
[20210603043016]Undefined index: member_seq[D:\AutoSet10\pollntalk\app\handler\util\CApp_Handler_Util_Common.php][65]
[20210603043021]Undefined index: member_seq[D:\AutoSet10\pollntalk\app\handler\util\CApp_Handler_Util_Common.php][65]
[20210603043026]Undefined index: member_seq[D:\AutoSet10\pollntalk\app\handler\util\CApp_Handler_Util_Common.php][65]
[20210603043031]Undefined index: member_seq[D:\AutoSet10\pollntalk\app\handler\util\CApp_Handler_Util_Common.php][65]
[20210603043036]Undefined index: member_seq[D:\AutoSet10\pollntalk\app\handler\util\CApp_Handler_Util_Common.php][65]
[20210603043041]Undefined index: member_seq[D:\AutoSet10\pollntalk\app\handler\util\CApp_Handler_Util_Common.php][65]
[20210603043046]Undefined index: member_seq[D:\AutoSet10\pollntalk\app\handler\util\CApp_Handler_Util_Common.php][65]
[20210603043051]Undefined index: member_seq[D:\AutoSet10\pollntalk\app\handler\util\CApp_Handler_Util_Common.php][65]
[20210603043056]Undefined index: member_seq[D:\AutoSet10\pollntalk\app\handler\util\CApp_Handler_Util_Common.php][65]
[20210603043101]Undefined index: member_seq[D:\AutoSet10\pollntalk\app\handler\util\CApp_Handler_Util_Common.php][65]
[20210603043106]Undefined index: member_seq[D:\AutoSet10\pollntalk\app\handler\util\CApp_Handler_Util_Common.php][65]
[20210603043111]Undefined index: member_seq[D:\AutoSet10\pollntalk\app\handler\util\CApp_Handler_Util_Common.php][65]
[20210603043116]Undefined index: member_seq[D:\AutoSet10\pollntalk\app\handler\util\CApp_Handler_Util_Common.php][65]
[20210603043121]Undefined index: member_seq[D:\AutoSet10\pollntalk\app\handler\util\CApp_Handler_Util_Common.php][65]
[20210603043126]Undefined index: member_seq[D:\AutoSet10\pollntalk\app\handler\util\CApp_Handler_Util_Common.php][65]
[20210603043131]Undefined index: member_seq[D:\AutoSet10\pollntalk\app\handler\util\CApp_Handler_Util_Common.php][65]
[20210603043136]Undefined index: member_seq[D:\AutoSet10\pollntalk\app\handler\util\CApp_Handler_Util_Common.php][65]
[20210603043141]Undefined index: member_seq[D:\AutoSet10\pollntalk\app\handler\util\CApp_Handler_Util_Common.php][65]
[20210603043146]Undefined index: member_seq[D:\AutoSet10\pollntalk\app\handler\util\CApp_Handler_Util_Common.php][65]
[20210603043151]Undefined index: member_seq[D:\AutoSet10\pollntalk\app\handler\util\CApp_Handler_Util_Common.php][65]
[20210603043156]Undefined index: member_seq[D:\AutoSet10\pollntalk\app\handler\util\CApp_Handler_Util_Common.php][65]
[20210603043201]Undefined index: member_seq[D:\AutoSet10\pollntalk\app\handler\util\CApp_Handler_Util_Common.php][65]
[20210603043206]Undefined index: member_seq[D:\AutoSet10\pollntalk\app\handler\util\CApp_Handler_Util_Common.php][65]
[20210603043211]Undefined index: member_seq[D:\AutoSet10\pollntalk\app\handler\util\CApp_Handler_Util_Common.php][65]
[20210603043216]Undefined index: member_seq[D:\AutoSet10\pollntalk\app\handler\util\CApp_Handler_Util_Common.php][65]
[20210603043221]Undefined index: member_seq[D:\AutoSet10\pollntalk\app\handler\util\CApp_Handler_Util_Common.php][65]
[20210603043226]Undefined index: member_seq[D:\AutoSet10\pollntalk\app\handler\util\CApp_Handler_Util_Common.php][65]
[20210603043231]Undefined index: member_seq[D:\AutoSet10\pollntalk\app\handler\util\CApp_Handler_Util_Common.php][65]
[20210603043236]Undefined index: member_seq[D:\AutoSet10\pollntalk\app\handler\util\CApp_Handler_Util_Common.php][65]
[20210603043241]Undefined index: member_seq[D:\AutoSet10\pollntalk\app\handler\util\CApp_Handler_Util_Common.php][65]
[20210603043246]Undefined index: member_seq[D:\AutoSet10\pollntalk\app\handler\util\CApp_Handler_Util_Common.php][65]
[20210603043251]Undefined index: member_seq[D:\AutoSet10\pollntalk\app\handler\util\CApp_Handler_Util_Common.php][65]
[20210603043256]Undefined index: member_seq[D:\AutoSet10\pollntalk\app\handler\util\CApp_Handler_Util_Common.php][65]
[20210603043301]Undefined index: member_seq[D:\AutoSet10\pollntalk\app\handler\util\CApp_Handler_Util_Common.php][65]
[20210603043306]Undefined index: member_seq[D:\AutoSet10\pollntalk\app\handler\util\CApp_Handler_Util_Common.php][65]
[20210603043311]Undefined index: member_seq[D:\AutoSet10\pollntalk\app\handler\util\CApp_Handler_Util_Common.php][65]
[20210603043316]Undefined index: member_seq[D:\AutoSet10\pollntalk\app\handler\util\CApp_Handler_Util_Common.php][65]
[20210603043321]Undefined index: member_seq[D:\AutoSet10\pollntalk\app\handler\util\CApp_Handler_Util_Common.php][65]
[20210603043326]Undefined index: member_seq[D:\AutoSet10\pollntalk\app\handler\util\CApp_Handler_Util_Common.php][65]
[20210603043331]Undefined index: member_seq[D:\AutoSet10\pollntalk\app\handler\util\CApp_Handler_Util_Common.php][65]
[20210603043336]Undefined index: member_seq[D:\AutoSet10\pollntalk\app\handler\util\CApp_Handler_Util_Common.php][65]
[20210603043341]Undefined index: member_seq[D:\AutoSet10\pollntalk\app\handler\util\CApp_Handler_Util_Common.php][65]
[20210603043346]Undefined index: member_seq[D:\AutoSet10\pollntalk\app\handler\util\CApp_Handler_Util_Common.php][65]
[20210603043351]Undefined index: member_seq[D:\AutoSet10\pollntalk\app\handler\util\CApp_Handler_Util_Common.php][65]
[20210603043450]Undefined index: member_seq[D:\AutoSet10\pollntalk\app\handler\util\CApp_Handler_Util_Common.php][65]
[20210603043550]Undefined index: member_seq[D:\AutoSet10\pollntalk\app\handler\util\CApp_Handler_Util_Common.php][65]
[20210603043650]Undefined index: member_seq[D:\AutoSet10\pollntalk\app\handler\util\CApp_Handler_Util_Common.php][65]
[20210603043750]Undefined index: member_seq[D:\AutoSet10\pollntalk\app\handler\util\CApp_Handler_Util_Common.php][65]
[20210603043850]Undefined index: member_seq[D:\AutoSet10\pollntalk\app\handler\util\CApp_Handler_Util_Common.php][65]
[20210603043950]Undefined index: member_seq[D:\AutoSet10\pollntalk\app\handler\util\CApp_Handler_Util_Common.php][65]
[20210603044050]Undefined index: member_seq[D:\AutoSet10\pollntalk\app\handler\util\CApp_Handler_Util_Common.php][65]
[20210603044150]Undefined index: member_seq[D:\AutoSet10\pollntalk\app\handler\util\CApp_Handler_Util_Common.php][65]
[20210603044250]Undefined index: member_seq[D:\AutoSet10\pollntalk\app\handler\util\CApp_Handler_Util_Common.php][65]
[20210603044350]Undefined index: member_seq[D:\AutoSet10\pollntalk\app\handler\util\CApp_Handler_Util_Common.php][65]
[20210603044450]Undefined index: member_seq[D:\AutoSet10\pollntalk\app\handler\util\CApp_Handler_Util_Common.php][65]
[20210603044550]Undefined index: member_seq[D:\AutoSet10\pollntalk\app\handler\util\CApp_Handler_Util_Common.php][65]
[20210603044650]Undefined index: member_seq[D:\AutoSet10\pollntalk\app\handler\util\CApp_Handler_Util_Common.php][65]
[20210603044750]Undefined index: member_seq[D:\AutoSet10\pollntalk\app\handler\util\CApp_Handler_Util_Common.php][65]
[20210603044850]Undefined index: member_seq[D:\AutoSet10\pollntalk\app\handler\util\CApp_Handler_Util_Common.php][65]
[20210603044950]Undefined index: member_seq[D:\AutoSet10\pollntalk\app\handler\util\CApp_Handler_Util_Common.php][65]
[20210603045050]Undefined index: member_seq[D:\AutoSet10\pollntalk\app\handler\util\CApp_Handler_Util_Common.php][65]
[20210603045150]Undefined index: member_seq[D:\AutoSet10\pollntalk\app\handler\util\CApp_Handler_Util_Common.php][65]
[20210603045250]Undefined index: member_seq[D:\AutoSet10\pollntalk\app\handler\util\CApp_Handler_Util_Common.php][65]
[20210603045350]Undefined index: member_seq[D:\AutoSet10\pollntalk\app\handler\util\CApp_Handler_Util_Common.php][65]
[20210603045450]Undefined index: member_seq[D:\AutoSet10\pollntalk\app\handler\util\CApp_Handler_Util_Common.php][65]
[20210603045550]Undefined index: member_seq[D:\AutoSet10\pollntalk\app\handler\util\CApp_Handler_Util_Common.php][65]
[20210603045650]Undefined index: member_seq[D:\AutoSet10\pollntalk\app\handler\util\CApp_Handler_Util_Common.php][65]
[20210603045750]Undefined index: member_seq[D:\AutoSet10\pollntalk\app\handler\util\CApp_Handler_Util_Common.php][65]
[20210603045850]Undefined index: member_seq[D:\AutoSet10\pollntalk\app\handler\util\CApp_Handler_Util_Common.php][65]
[20210603045950]Undefined index: member_seq[D:\AutoSet10\pollntalk\app\handler\util\CApp_Handler_Util_Common.php][65]
